<?xml version="1.0" encoding="UTF-8"?>
<!-- Generated by org.testng.reporters.JUnitReportReporter -->
<testsuite hostname="sanjaykauldhar" failures="0" tests="1" name="webpages.loginTest" time="1.103" errors="0" timestamp="2023-01-30T17:41:18 IST" skipped="0">
  <testcase classname="webpages.loginTest" name="testlogin" time="1.103"/>
  <system-out/>
</testsuite> <!-- webpages.loginTest -->
