<?xml version="1.0" encoding="UTF-8"?>
<!-- Generated by org.testng.reporters.JUnitReportReporter -->
<testsuite hostname="sanjaykauldhar" failures="0" tests="1" name="webpages.testing" time="1.109" errors="0" timestamp="2023-01-25T16:46:06 IST" skipped="0">
  <testcase classname="webpages.testing" name="testlogin" time="1.109"/>
  <system-out/>
</testsuite> <!-- webpages.testing -->
