<?xml version="1.0" encoding="UTF-8"?>
<!-- Generated by org.testng.reporters.JUnitReportReporter -->
<testsuite skipped="0" hostname="sanjaykauldhar" name="webpages.loginTest" tests="1" failures="0" timestamp="2023-01-31T12:25:16 IST" time="0.278" errors="0">
  <testcase name="testlogin" time="0.278" classname="webpages.loginTest"/>
  <system-out/>
</testsuite> <!-- webpages.loginTest -->
